[2024-03-02 05:42:55] [INFO] Added Signal Repeater Server NEWSIGNAL listener.
[2024-03-02 05:42:55] [INFO] Added Signal Repeater Server DISCONNECTED listener.
[2024-03-02 05:42:55] [INFO] Added Signal Repeater Server 24HOURLYSTATS listener.
[2024-03-02 05:54:21] [INFO] Added Signal Repeater Server NEWSIGNAL listener.
[2024-03-02 05:54:21] [INFO] Added Signal Repeater Server DISCONNECTED listener.
[2024-03-02 05:54:21] [INFO] Added Signal Repeater Server 24HOURLYSTATS listener.
[2024-03-02 06:02:22] [INFO] Recieved 
[2024-03-02 06:06:57] [INFO] Added Signal Repeater Server NEWSIGNAL listener.
[2024-03-02 06:06:57] [INFO] Added Signal Repeater Server DISCONNECTED listener.
[2024-03-02 06:06:57] [INFO] Added Signal Repeater Server 24HOURLYSTATS listener.
[2024-03-02 06:09:11] [INFO] Recieved 
[2024-03-02 06:19:57] [INFO] Added Signal Repeater Server NEWSIGNAL listener.
[2024-03-02 06:19:57] [INFO] Added Signal Repeater Server DISCONNECTED listener.
[2024-03-02 06:19:57] [INFO] Added Signal Repeater Server 24HOURLYSTATS listener.
[2024-03-02 06:24:33] [INFO] Added Signal Repeater Server NEWSIGNAL listener.
[2024-03-02 06:24:33] [INFO] Added Signal Repeater Server DISCONNECTED listener.
[2024-03-02 06:24:33] [INFO] Added Signal Repeater Server 24HOURLYSTATS listener.
[2024-03-02 06:28:50] [INFO] Recieved 
[2024-03-02 06:44:17] [INFO] Added Signal Repeater Server NEWSIGNAL listener.
[2024-03-02 06:44:17] [INFO] Added Signal Repeater Server DISCONNECTED listener.
[2024-03-02 06:44:17] [INFO] Added Signal Repeater Server 24HOURLYSTATS listener.
[2024-03-02 06:47:01] [INFO] Recieved 
[2024-03-02 06:52:09] [INFO] Added Signal Repeater Server NEWSIGNAL listener.
[2024-03-02 06:52:09] [INFO] Added Signal Repeater Server DISCONNECTED listener.
[2024-03-02 06:52:09] [INFO] Added Signal Repeater Server 24HOURLYSTATS listener.
[2024-03-02 06:56:18] [INFO] Recieved 
[2024-03-02 06:59:19] [INFO] Recieved 
[2024-03-02 07:06:19] [INFO] Recieved 
[2024-03-02 07:07:15] [INFO] Recieved 
[2024-03-02 07:12:56] [INFO] Recieved 
[2024-03-02 07:18:45] [INFO] Added Signal Repeater Server NEWSIGNAL listener.
[2024-03-02 07:18:45] [INFO] Added Signal Repeater Server DISCONNECTED listener.
[2024-03-02 07:18:45] [INFO] Added Signal Repeater Server 24HOURLYSTATS listener.
[2024-03-02 07:26:38] [INFO] Recieved 
[2024-03-02 07:26:49] [INFO] Recieved 
[2024-03-02 07:29:13] [INFO] Recieved 
[2024-03-02 07:29:33] [INFO] Recieved 
[2024-03-02 07:32:32] [INFO] Recieved 
[2024-03-02 07:35:11] [INFO] Recieved 
[2024-03-02 07:46:00] [INFO] Recieved 
[2024-03-02 07:46:12] [INFO] Recieved 
[2024-03-02 07:52:27] [INFO] Recieved 
[2024-03-02 08:14:32] [INFO] Recieved 
[2024-03-02 08:15:29] [INFO] Recieved 
[2024-03-02 08:16:22] [INFO] Recieved 
[2024-03-02 08:20:03] [INFO] Recieved 
[2024-03-02 08:21:17] [INFO] Recieved 
[2024-03-02 08:28:59] [INFO] Recieved 
[2024-03-02 08:33:08] [INFO] Recieved 
[2024-03-02 08:47:35] [INFO] Recieved 
[2024-03-02 08:55:32] [INFO] Recieved 
[2024-03-02 08:55:34] [INFO] Recieved 
[2024-03-02 09:01:59] [INFO] Recieved 
[2024-03-02 09:02:27] [INFO] Recieved 
[2024-03-02 09:06:04] [INFO] Recieved 
[2024-03-02 09:09:40] [INFO] Recieved 
[2024-03-02 09:22:42] [INFO] Recieved 
[2024-03-02 09:22:49] [INFO] Recieved 
[2024-03-02 09:22:49] [ERROR] skipping Duplicates
[2024-03-02 09:28:17] [INFO] Recieved 
[2024-03-02 09:28:17] [ERROR] skipping Duplicates
[2024-03-02 09:31:01] [INFO] Recieved 
[2024-03-02 09:39:30] [INFO] Recieved 
[2024-03-02 09:47:09] [INFO] Recieved 
[2024-03-02 09:50:44] [INFO] Recieved 
[2024-03-02 10:05:29] [INFO] Recieved 
[2024-03-02 10:17:28] [INFO] Recieved 
[2024-03-02 10:18:03] [INFO] Recieved 
[2024-03-02 10:33:12] [INFO] Recieved 
[2024-03-02 10:37:42] [INFO] Recieved 
[2024-03-02 10:39:50] [INFO] Recieved 
[2024-03-02 10:53:36] [INFO] Recieved 
[2024-03-02 11:00:28] [INFO] Recieved 
[2024-03-02 11:15:11] [INFO] Recieved 
[2024-03-02 11:30:06] [INFO] Recieved 
[2024-03-02 11:38:08] [INFO] Recieved 
[2024-03-02 11:40:29] [INFO] Recieved 
[2024-03-02 11:50:38] [INFO] Recieved 
[2024-03-02 11:52:56] [INFO] Recieved 
[2024-03-02 11:52:56] [ERROR] skipping Duplicates
[2024-03-02 12:04:35] [INFO] Recieved 
[2024-03-02 12:12:02] [INFO] Recieved 
[2024-03-02 12:17:27] [INFO] Recieved 
[2024-03-02 12:36:18] [INFO] Recieved 
[2024-03-02 12:37:07] [INFO] Recieved 
[2024-03-02 12:44:47] [INFO] Recieved 
[2024-03-02 12:48:44] [INFO] Recieved 
[2024-03-02 12:48:47] [INFO] Recieved 
[2024-03-02 12:51:28] [INFO] Recieved 
[2024-03-02 12:52:47] [INFO] Recieved 
[2024-03-02 12:58:44] [INFO] Recieved 
[2024-03-02 12:58:45] [INFO] Recieved 
[2024-03-02 12:58:45] [ERROR] skipping Duplicates
[2024-03-02 12:58:53] [INFO] Recieved 
[2024-03-02 12:58:53] [ERROR] skipping Duplicates
[2024-03-02 13:01:05] [INFO] Recieved 
[2024-03-02 13:01:05] [ERROR] skipping Duplicates
[2024-03-02 13:01:09] [INFO] Recieved 
[2024-03-09 13:31:15] [INFO] Added Signal Repeater Server NEWSIGNAL listener.
[2024-03-09 13:31:15] [INFO] Added Signal Repeater Server DISCONNECTED listener.
[2024-03-09 13:31:15] [INFO] Added Signal Repeater Server 24HOURLYSTATS listener.
[2024-03-09 13:37:18] [INFO] Recieved 
[2024-03-09 13:38:52] [INFO] Recieved 
[2024-03-09 13:44:56] [INFO] Recieved 
[2024-03-09 13:48:46] [INFO] Recieved 
[2024-03-09 13:53:28] [INFO] Recieved 
[2024-03-09 13:56:48] [INFO] Recieved 
[2024-03-09 13:57:40] [INFO] Added Signal Repeater Server NEWSIGNAL listener.
[2024-03-09 13:57:40] [INFO] Added Signal Repeater Server DISCONNECTED listener.
[2024-03-09 13:57:40] [INFO] Added Signal Repeater Server 24HOURLYSTATS listener.
[2024-03-09 14:04:00] [INFO] Recieved 
[2024-03-09 14:04:27] [INFO] Recieved 
[2024-03-09 14:04:27] [INFO] Recieved 
[2024-03-09 14:04:40] [INFO] Recieved 
[2024-03-09 14:04:40] [ERROR] skipping Duplicates
[2024-03-09 14:13:59] [INFO] Recieved 
[2024-03-09 14:14:46] [INFO] Recieved 
[2024-03-09 14:19:21] [INFO] Recieved 
[2024-03-09 14:28:55] [INFO] Recieved 
[2024-03-09 14:38:06] [INFO] Recieved 
[2024-03-09 14:38:33] [INFO] Recieved 
[2024-03-09 14:40:00] [INFO] Recieved 
[2024-03-09 14:53:21] [INFO] Recieved 
[2024-03-09 15:00:58] [INFO] Recieved 
[2024-03-09 15:07:32] [INFO] Recieved 
[2024-03-09 15:08:10] [INFO] Recieved 
[2024-03-09 15:18:21] [INFO] Recieved 
[2024-03-09 15:20:22] [INFO] Recieved 
[2024-03-09 15:32:55] [INFO] Recieved 
[2024-03-09 15:32:55] [INFO] Recieved 
[2024-03-09 15:32:55] [ERROR] skipping Duplicates
[2024-03-09 15:32:56] [INFO] Recieved 
[2024-03-09 15:32:56] [ERROR] skipping Duplicates
[2024-03-09 15:33:41] [INFO] Recieved 
[2024-03-09 15:34:12] [INFO] Recieved 
[2024-03-11 17:44:28] [INFO] Added Signal Repeater Server NEWSIGNAL listener.
[2024-03-11 17:44:28] [INFO] Added Signal Repeater Server DISCONNECTED listener.
[2024-03-11 17:44:28] [INFO] Added Signal Repeater Server 24HOURLYSTATS listener.
[2024-03-11 17:47:20] [INFO] Recieved 
[2024-03-11 17:51:29] [INFO] Recieved 
[2024-03-11 17:55:33] [INFO] Recieved 
[2024-03-11 17:59:33] [INFO] Recieved 
[2024-03-11 17:59:36] [INFO] Recieved 
[2024-03-11 17:59:36] [ERROR] skipping Duplicates
[2024-03-11 17:59:48] [INFO] Recieved 
[2024-03-11 17:59:48] [ERROR] skipping Duplicates
[2024-03-11 17:59:56] [INFO] Recieved 
[2024-03-11 18:00:10] [INFO] Recieved 
[2024-03-11 18:00:10] [ERROR] skipping Duplicates
[2024-03-11 18:00:16] [INFO] Recieved 
[2024-03-11 18:00:16] [ERROR] skipping Duplicates
[2024-03-11 18:03:40] [INFO] Recieved 
[2024-03-11 18:05:09] [INFO] Recieved 
[2024-03-11 18:05:26] [INFO] Recieved 
[2024-03-11 18:06:41] [INFO] Recieved 
[2024-03-11 18:07:10] [INFO] Recieved 
[2024-03-11 18:09:44] [INFO] Recieved 
[2024-03-11 18:10:14] [INFO] Recieved 
[2024-03-11 18:10:14] [INFO] Recieved 
[2024-03-11 18:13:28] [INFO] Recieved 
[2024-03-11 18:15:43] [INFO] Recieved 
[2024-03-11 18:16:53] [INFO] Recieved 
[2024-03-11 18:17:07] [INFO] Recieved 
[2024-03-11 18:18:52] [INFO] Recieved 
[2024-03-11 18:26:52] [INFO] Recieved 
[2024-03-11 18:29:48] [INFO] Recieved 
[2024-03-11 18:29:52] [INFO] Recieved 
[2024-03-11 18:31:26] [INFO] Recieved 
[2024-03-11 18:31:49] [INFO] Recieved 
[2024-03-11 18:32:14] [INFO] Recieved 
[2024-03-11 18:32:29] [INFO] Recieved 
[2024-03-11 18:32:34] [INFO] Recieved 
[2024-03-11 18:32:34] [INFO] Recieved 
[2024-03-11 18:33:35] [INFO] Recieved 
[2024-03-11 18:38:56] [INFO] Recieved 
[2024-03-11 18:39:12] [INFO] Recieved 
[2024-03-11 18:39:12] [ERROR] skipping Duplicates
[2024-03-11 18:39:22] [INFO] Recieved 
[2024-03-11 18:39:22] [ERROR] skipping Duplicates
[2024-03-11 18:39:37] [INFO] Recieved 
[2024-03-11 18:39:37] [ERROR] skipping Duplicates
[2024-03-11 18:39:48] [INFO] Recieved 
[2024-03-11 18:39:48] [ERROR] skipping Duplicates
[2024-03-11 18:42:34] [INFO] Recieved 
[2024-03-11 18:51:09] [INFO] Recieved 
[2024-03-11 18:54:32] [INFO] Recieved 
[2024-03-11 18:54:33] [INFO] Recieved 
[2024-03-11 18:54:38] [INFO] Recieved 
[2024-03-11 18:54:38] [ERROR] skipping Duplicates
[2024-03-11 18:55:05] [INFO] Recieved 
[2024-03-11 18:55:05] [ERROR] skipping Duplicates
[2024-03-11 18:55:13] [INFO] Recieved 
[2024-03-11 18:55:13] [ERROR] skipping Duplicates
[2024-03-11 18:55:13] [INFO] Recieved 
[2024-03-11 18:55:39] [INFO] Recieved 
[2024-03-11 18:55:39] [ERROR] skipping Duplicates
[2024-03-11 18:57:29] [INFO] Recieved 
[2024-03-11 18:59:10] [INFO] Recieved 
[2024-03-11 19:04:11] [INFO] Recieved 
[2024-03-11 19:08:27] [INFO] Recieved 
[2024-03-11 19:08:37] [INFO] Recieved 
[2024-03-11 19:10:33] [INFO] Recieved 
[2024-03-11 19:12:52] [INFO] Recieved 
[2024-03-11 19:13:30] [INFO] Recieved 
[2024-03-11 19:13:34] [INFO] Recieved 
[2024-03-11 19:13:34] [ERROR] skipping Duplicates
[2024-03-11 19:14:00] [INFO] Recieved 
[2024-03-11 19:14:30] [INFO] Recieved 
[2024-03-12 12:58:42] [INFO] Added Signal Repeater Server NEWSIGNAL listener.
[2024-03-12 12:58:42] [INFO] Added Signal Repeater Server DISCONNECTED listener.
[2024-03-12 12:58:42] [INFO] Added Signal Repeater Server 24HOURLYSTATS listener.
[2024-03-12 13:04:54] [INFO] Added Signal Repeater Server NEWSIGNAL listener.
[2024-03-12 13:04:54] [INFO] Added Signal Repeater Server DISCONNECTED listener.
[2024-03-12 13:04:54] [INFO] Added Signal Repeater Server 24HOURLYSTATS listener.
[2024-03-12 13:05:54] [INFO] Recieved 
[2024-03-12 13:06:49] [INFO] Added Signal Repeater Server NEWSIGNAL listener.
[2024-03-12 13:06:49] [INFO] Added Signal Repeater Server DISCONNECTED listener.
[2024-03-12 13:06:49] [INFO] Added Signal Repeater Server 24HOURLYSTATS listener.
[2024-03-12 13:08:47] [INFO] Recieved 
[2024-03-12 13:22:51] [INFO] Added Signal Repeater Server NEWSIGNAL listener.
[2024-03-12 13:22:51] [INFO] Added Signal Repeater Server DISCONNECTED listener.
[2024-03-12 13:22:51] [INFO] Added Signal Repeater Server 24HOURLYSTATS listener.
[2024-03-12 13:23:39] [INFO] Recieved 
[2024-03-12 13:25:21] [INFO] Added Signal Repeater Server NEWSIGNAL listener.
[2024-03-12 13:25:21] [INFO] Added Signal Repeater Server DISCONNECTED listener.
[2024-03-12 13:25:21] [INFO] Added Signal Repeater Server 24HOURLYSTATS listener.
[2024-03-12 13:26:52] [INFO] Added Signal Repeater Server NEWSIGNAL listener.
[2024-03-12 13:26:52] [INFO] Added Signal Repeater Server DISCONNECTED listener.
[2024-03-12 13:26:52] [INFO] Added Signal Repeater Server 24HOURLYSTATS listener.
[2024-03-12 13:29:02] [INFO] Recieved 
[2024-03-12 13:38:47] [INFO] Added Signal Repeater Server NEWSIGNAL listener.
[2024-03-12 13:38:47] [INFO] Added Signal Repeater Server DISCONNECTED listener.
[2024-03-12 13:38:47] [INFO] Added Signal Repeater Server 24HOURLYSTATS listener.
[2024-03-12 13:41:15] [INFO] Added Signal Repeater Server NEWSIGNAL listener.
[2024-03-12 13:41:15] [INFO] Added Signal Repeater Server DISCONNECTED listener.
[2024-03-12 13:41:15] [INFO] Added Signal Repeater Server 24HOURLYSTATS listener.
[2024-03-12 13:41:36] [INFO] Recieved 
[2024-03-12 13:43:37] [INFO] Recieved 
[2024-03-12 13:43:37] [INFO] Recieved 
[2024-03-12 13:43:37] [ERROR] skipping Duplicates
[2024-03-12 13:43:57] [INFO] Recieved 
[2024-03-12 13:43:57] [ERROR] skipping Duplicates
[2024-03-12 13:52:01] [INFO] Added Signal Repeater Server NEWSIGNAL listener.
[2024-03-12 13:52:01] [INFO] Added Signal Repeater Server DISCONNECTED listener.
[2024-03-12 13:52:01] [INFO] Added Signal Repeater Server 24HOURLYSTATS listener.
[2024-03-12 13:53:08] [INFO] Recieved 
[2024-03-12 13:53:38] [INFO] Recieved 
[2024-03-12 13:55:41] [INFO] Added Signal Repeater Server NEWSIGNAL listener.
[2024-03-12 13:55:41] [INFO] Added Signal Repeater Server DISCONNECTED listener.
[2024-03-12 13:55:41] [INFO] Added Signal Repeater Server 24HOURLYSTATS listener.
[2024-03-12 13:56:36] [INFO] Recieved 
[2024-03-12 13:57:11] [INFO] Recieved 
[2024-03-12 14:09:12] [INFO] Added Signal Repeater Server NEWSIGNAL listener.
[2024-03-12 14:09:12] [INFO] Added Signal Repeater Server DISCONNECTED listener.
[2024-03-12 14:09:12] [INFO] Added Signal Repeater Server 24HOURLYSTATS listener.
[2024-03-12 14:09:45] [INFO] Recieved 
[2024-03-12 14:10:34] [INFO] Added Signal Repeater Server NEWSIGNAL listener.
[2024-03-12 14:10:34] [INFO] Added Signal Repeater Server DISCONNECTED listener.
[2024-03-12 14:10:34] [INFO] Added Signal Repeater Server 24HOURLYSTATS listener.
[2024-03-12 14:11:12] [INFO] Recieved 
[2024-03-12 14:12:54] [INFO] Added Signal Repeater Server NEWSIGNAL listener.
[2024-03-12 14:12:54] [INFO] Added Signal Repeater Server DISCONNECTED listener.
[2024-03-12 14:12:54] [INFO] Added Signal Repeater Server 24HOURLYSTATS listener.
[2024-03-12 14:13:20] [INFO] Recieved 
[2024-03-12 14:14:42] [INFO] Added Signal Repeater Server NEWSIGNAL listener.
[2024-03-12 14:14:42] [INFO] Added Signal Repeater Server DISCONNECTED listener.
[2024-03-12 14:14:42] [INFO] Added Signal Repeater Server 24HOURLYSTATS listener.
[2024-03-12 14:15:02] [INFO] Recieved 
[2024-03-12 14:17:07] [INFO] Added Signal Repeater Server NEWSIGNAL listener.
[2024-03-12 14:17:07] [INFO] Added Signal Repeater Server DISCONNECTED listener.
[2024-03-12 14:17:07] [INFO] Added Signal Repeater Server 24HOURLYSTATS listener.
[2024-03-12 14:17:31] [INFO] Recieved 
[2024-03-12 14:18:41] [INFO] Added Signal Repeater Server NEWSIGNAL listener.
[2024-03-12 14:18:41] [INFO] Added Signal Repeater Server DISCONNECTED listener.
[2024-03-12 14:18:41] [INFO] Added Signal Repeater Server 24HOURLYSTATS listener.
[2024-03-12 14:18:59] [INFO] Recieved 
[2024-03-12 14:20:14] [INFO] Added Signal Repeater Server NEWSIGNAL listener.
[2024-03-12 14:20:14] [INFO] Added Signal Repeater Server DISCONNECTED listener.
[2024-03-12 14:20:14] [INFO] Added Signal Repeater Server 24HOURLYSTATS listener.
[2024-03-12 14:20:45] [INFO] Recieved 
[2024-03-12 14:21:55] [INFO] Added Signal Repeater Server NEWSIGNAL listener.
[2024-03-12 14:21:55] [INFO] Added Signal Repeater Server DISCONNECTED listener.
[2024-03-12 14:21:55] [INFO] Added Signal Repeater Server 24HOURLYSTATS listener.
[2024-03-12 14:22:19] [INFO] Recieved 
[2024-03-12 14:23:53] [INFO] Added Signal Repeater Server NEWSIGNAL listener.
[2024-03-12 14:23:53] [INFO] Added Signal Repeater Server DISCONNECTED listener.
[2024-03-12 14:23:53] [INFO] Added Signal Repeater Server 24HOURLYSTATS listener.
[2024-03-12 14:24:22] [INFO] Recieved 
[2024-03-12 14:27:10] [INFO] Recieved 
[2024-03-12 14:27:10] [INFO] Recieved 
[2024-03-12 14:27:10] [ERROR] skipping Duplicates
[2024-03-12 14:28:26] [INFO] Recieved 
[2024-03-12 14:28:26] [ERROR] skipping Duplicates
[2024-03-12 14:31:05] [INFO] Recieved 
[2024-03-12 14:31:05] [ERROR] skipping Duplicates
[2024-03-12 14:38:48] [INFO] Recieved 
[2024-03-12 14:38:48] [INFO] Recieved 
[2024-03-12 14:38:48] [ERROR] skipping Duplicates
[2024-03-12 14:40:00] [INFO] Recieved 
[2024-03-12 14:40:00] [ERROR] skipping Duplicates
[2024-03-12 14:40:25] [INFO] Recieved 
[2024-03-12 14:40:25] [ERROR] skipping Duplicates
[2024-03-12 16:55:01] [INFO] Added Signal Repeater Server NEWSIGNAL listener.
[2024-03-12 16:55:01] [INFO] Added Signal Repeater Server DISCONNECTED listener.
[2024-03-12 16:55:01] [INFO] Added Signal Repeater Server 24HOURLYSTATS listener.
[2024-03-12 16:57:27] [INFO] Recieved 
[2024-03-12 16:58:37] [INFO] Recieved 
[2024-03-12 16:58:53] [INFO] Recieved 
[2024-03-12 16:58:53] [ERROR] skipping Duplicates
[2024-03-12 16:58:53] [INFO] Recieved 
[2024-03-12 16:58:53] [ERROR] skipping Duplicates
[2024-03-12 16:59:22] [INFO] Added Signal Repeater Server NEWSIGNAL listener.
[2024-03-12 16:59:22] [INFO] Added Signal Repeater Server DISCONNECTED listener.
[2024-03-12 16:59:22] [INFO] Added Signal Repeater Server 24HOURLYSTATS listener.
[2024-03-12 17:00:09] [INFO] Recieved 
[2024-03-12 17:01:50] [INFO] Added Signal Repeater Server NEWSIGNAL listener.
[2024-03-12 17:01:50] [INFO] Added Signal Repeater Server DISCONNECTED listener.
[2024-03-12 17:01:50] [INFO] Added Signal Repeater Server 24HOURLYSTATS listener.
[2024-03-12 17:03:27] [INFO] Added Signal Repeater Server NEWSIGNAL listener.
[2024-03-12 17:03:27] [INFO] Added Signal Repeater Server DISCONNECTED listener.
[2024-03-12 17:03:27] [INFO] Added Signal Repeater Server 24HOURLYSTATS listener.
[2024-03-12 17:03:55] [INFO] Added Signal Repeater Server NEWSIGNAL listener.
[2024-03-12 17:03:55] [INFO] Added Signal Repeater Server DISCONNECTED listener.
[2024-03-12 17:03:55] [INFO] Added Signal Repeater Server 24HOURLYSTATS listener.
[2024-03-12 17:05:26] [INFO] Added Signal Repeater Server NEWSIGNAL listener.
[2024-03-12 17:05:26] [INFO] Added Signal Repeater Server DISCONNECTED listener.
[2024-03-12 17:05:26] [INFO] Added Signal Repeater Server 24HOURLYSTATS listener.
[2024-03-12 17:05:54] [INFO] Recieved 
[2024-03-12 17:08:43] [INFO] Added Signal Repeater Server NEWSIGNAL listener.
[2024-03-12 17:08:43] [INFO] Added Signal Repeater Server DISCONNECTED listener.
[2024-03-12 17:08:43] [INFO] Added Signal Repeater Server 24HOURLYSTATS listener.
[2024-03-12 17:10:56] [INFO] Added Signal Repeater Server NEWSIGNAL listener.
[2024-03-12 17:10:56] [INFO] Added Signal Repeater Server DISCONNECTED listener.
[2024-03-12 17:10:56] [INFO] Added Signal Repeater Server 24HOURLYSTATS listener.
[2024-03-12 17:11:18] [INFO] Recieved 
[2024-03-12 17:13:57] [INFO] Added Signal Repeater Server NEWSIGNAL listener.
[2024-03-12 17:13:57] [INFO] Added Signal Repeater Server DISCONNECTED listener.
[2024-03-12 17:13:57] [INFO] Added Signal Repeater Server 24HOURLYSTATS listener.
[2024-03-12 17:14:28] [INFO] Recieved 
[2024-03-12 17:21:11] [INFO] Added Signal Repeater Server NEWSIGNAL listener.
[2024-03-12 17:21:11] [INFO] Added Signal Repeater Server DISCONNECTED listener.
[2024-03-12 17:21:11] [INFO] Added Signal Repeater Server 24HOURLYSTATS listener.
[2024-03-12 17:26:14] [INFO] Recieved 
[2024-03-12 17:47:14] [INFO] Added Signal Repeater Server NEWSIGNAL listener.
[2024-03-12 17:47:14] [INFO] Added Signal Repeater Server 24HOURLYSTATS listener.
[2024-03-12 17:47:14] [INFO] Added Signal Repeater Server DISCONNECTED listener.
[2024-03-12 17:48:39] [INFO] Added Signal Repeater Server NEWSIGNAL listener.
[2024-03-12 17:48:39] [INFO] Added Signal Repeater Server 24HOURLYSTATS listener.
[2024-03-12 17:48:39] [INFO] Added Signal Repeater Server DISCONNECTED listener.
[2024-03-12 18:01:30] [INFO] Added Signal Repeater Server NEWSIGNAL listener.
[2024-03-12 18:01:30] [INFO] Added Signal Repeater Server DISCONNECTED listener.
[2024-03-12 18:01:30] [INFO] Added Signal Repeater Server 24HOURLYSTATS listener.
[2024-03-12 18:01:50] [INFO] Added Signal Repeater Server NEWSIGNAL listener.
[2024-03-12 18:01:50] [INFO] Added Signal Repeater Server DISCONNECTED listener.
[2024-03-12 18:01:50] [INFO] Added Signal Repeater Server 24HOURLYSTATS listener.
[2024-03-12 18:02:47] [INFO] Recieved 
[2024-03-12 18:07:18] [INFO] Added Signal Repeater Server NEWSIGNAL listener.
[2024-03-12 18:07:18] [INFO] Added Signal Repeater Server DISCONNECTED listener.
[2024-03-12 18:07:18] [INFO] Added Signal Repeater Server 24HOURLYSTATS listener.
[2024-03-12 18:07:54] [INFO] Recieved 
[2024-03-12 18:10:20] [INFO] Added Signal Repeater Server NEWSIGNAL listener.
[2024-03-12 18:10:20] [INFO] Added Signal Repeater Server DISCONNECTED listener.
[2024-03-12 18:10:20] [INFO] Added Signal Repeater Server 24HOURLYSTATS listener.
[2024-03-12 18:10:53] [INFO] Recieved 
[2024-03-12 18:13:39] [INFO] Added Signal Repeater Server NEWSIGNAL listener.
[2024-03-12 18:13:39] [INFO] Added Signal Repeater Server DISCONNECTED listener.
[2024-03-12 18:13:39] [INFO] Added Signal Repeater Server 24HOURLYSTATS listener.
[2024-03-12 18:14:10] [INFO] Recieved 
[2024-03-12 18:14:14] [INFO] Recieved 
[2024-03-12 18:14:14] [ERROR] skipping Duplicates
[2024-03-12 18:14:18] [INFO] Recieved 
[2024-03-12 18:14:18] [ERROR] skipping Duplicates
[2024-03-12 18:23:21] [INFO] Added Signal Repeater Server NEWSIGNAL listener.
[2024-03-12 18:23:21] [INFO] Added Signal Repeater Server DISCONNECTED listener.
[2024-03-12 18:23:21] [INFO] Added Signal Repeater Server 24HOURLYSTATS listener.
[2024-03-12 18:24:27] [INFO] Recieved 
[2024-03-12 18:24:31] [INFO] Recieved 
[2024-03-12 18:30:57] [INFO] Recieved 
[2024-03-12 18:36:33] [INFO] Added Signal Repeater Server NEWSIGNAL listener.
[2024-03-12 18:36:33] [INFO] Added Signal Repeater Server DISCONNECTED listener.
[2024-03-12 18:36:33] [INFO] Added Signal Repeater Server 24HOURLYSTATS listener.
[2024-03-12 18:38:44] [INFO] Recieved 
[2024-03-12 18:38:45] [INFO] Recieved 
[2024-03-12 18:38:45] [ERROR] skipping Duplicates
[2024-03-12 18:59:07] [INFO] Recieved 
[2024-03-12 18:59:38] [INFO] Recieved 
[2024-03-12 18:59:38] [ERROR] skipping Duplicates
[2024-03-12 19:00:42] [INFO] Added Signal Repeater Server NEWSIGNAL listener.
[2024-03-12 19:00:42] [INFO] Added Signal Repeater Server DISCONNECTED listener.
[2024-03-12 19:00:42] [INFO] Added Signal Repeater Server 24HOURLYSTATS listener.
[2024-03-12 19:12:02] [INFO] Added Signal Repeater Server NEWSIGNAL listener.
[2024-03-12 19:12:02] [INFO] Added Signal Repeater Server DISCONNECTED listener.
[2024-03-12 19:12:02] [INFO] Added Signal Repeater Server 24HOURLYSTATS listener.
[2024-03-12 19:15:29] [INFO] Recieved 
[2024-03-12 19:15:29] [INFO] Recieved 
[2024-03-12 19:15:29] [INFO] Recieved 
[2024-03-12 19:15:29] [ERROR] skipping Duplicates
[2024-03-12 19:15:29] [ERROR] skipping Duplicates
[2024-03-12 19:15:41] [INFO] Recieved 
[2024-03-12 19:15:41] [ERROR] skipping Duplicates
[2024-03-12 19:16:25] [INFO] Recieved 
[2024-03-12 19:16:31] [INFO] Recieved 
[2024-03-12 19:16:31] [ERROR] skipping Duplicates
[2024-03-12 19:16:55] [INFO] Added Signal Repeater Server NEWSIGNAL listener.
[2024-03-12 19:16:55] [INFO] Added Signal Repeater Server DISCONNECTED listener.
[2024-03-12 19:16:55] [INFO] Added Signal Repeater Server 24HOURLYSTATS listener.
[2024-03-12 19:22:31] [INFO] Added Signal Repeater Server UPDATESIGNAL listener.
[2024-03-12 19:22:31] [INFO] Added Signal Repeater Server NEWSIGNAL listener.
[2024-03-12 19:22:31] [INFO] Added Signal Repeater Server DISCONNECTED listener.
[2024-03-12 19:22:31] [INFO] Added Signal Repeater Server 24HOURLYSTATS listener.
[2024-03-12 19:32:17] [INFO] Recieved  updateSignal
[2024-03-12 19:33:13] [INFO] Added Signal Repeater Server UPDATESIGNAL listener.
[2024-03-12 19:33:13] [INFO] Added Signal Repeater Server NEWSIGNAL listener.
[2024-03-12 19:33:13] [INFO] Added Signal Repeater Server DISCONNECTED listener.
[2024-03-12 19:33:13] [INFO] Added Signal Repeater Server 24HOURLYSTATS listener.
[2024-03-12 19:33:51] [INFO] Recieved  updateSignal
[2024-03-12 19:34:39] [INFO] Added Signal Repeater Server UPDATESIGNAL listener.
[2024-03-12 19:34:39] [INFO] Added Signal Repeater Server NEWSIGNAL listener.
[2024-03-12 19:34:39] [INFO] Added Signal Repeater Server DISCONNECTED listener.
[2024-03-12 19:34:39] [INFO] Added Signal Repeater Server 24HOURLYSTATS listener.
[2024-03-12 19:35:24] [INFO] Recieved  updateSignal
[2024-03-12 19:35:53] [INFO] Added Signal Repeater Server UPDATESIGNAL listener.
[2024-03-12 19:35:53] [INFO] Added Signal Repeater Server NEWSIGNAL listener.
[2024-03-12 19:35:53] [INFO] Added Signal Repeater Server DISCONNECTED listener.
[2024-03-12 19:35:53] [INFO] Added Signal Repeater Server 24HOURLYSTATS listener.
[2024-03-12 19:36:28] [INFO] Recieved  updateSignal
[2024-03-12 19:38:32] [INFO] Added Signal Repeater Server UPDATESIGNAL listener.
[2024-03-12 19:38:32] [INFO] Added Signal Repeater Server NEWSIGNAL listener.
[2024-03-12 19:38:32] [INFO] Added Signal Repeater Server DISCONNECTED listener.
[2024-03-12 19:38:32] [INFO] Added Signal Repeater Server 24HOURLYSTATS listener.
[2024-03-12 19:39:02] [INFO] Recieved  updateSignal
[2024-03-12 19:40:08] [INFO] Added Signal Repeater Server UPDATESIGNAL listener.
[2024-03-12 19:40:08] [INFO] Added Signal Repeater Server NEWSIGNAL listener.
[2024-03-12 19:40:08] [INFO] Added Signal Repeater Server DISCONNECTED listener.
[2024-03-12 19:40:08] [INFO] Added Signal Repeater Server 24HOURLYSTATS listener.
[2024-03-12 19:40:55] [INFO] Recieved  updateSignal
[2024-03-12 19:42:44] [INFO] Recieved  updateSignal
[2024-03-12 19:44:41] [INFO] Added Signal Repeater Server UPDATESIGNAL listener.
[2024-03-12 19:44:41] [INFO] Added Signal Repeater Server NEWSIGNAL listener.
[2024-03-12 19:44:41] [INFO] Added Signal Repeater Server DISCONNECTED listener.
[2024-03-12 19:44:41] [INFO] Added Signal Repeater Server 24HOURLYSTATS listener.
[2024-03-12 19:45:56] [INFO] Recieved  updateSignal
[2024-03-12 19:47:08] [INFO] Added Signal Repeater Server NEWSIGNAL listener.
[2024-03-12 19:47:08] [INFO] Added Signal Repeater Server UPDATESIGNAL listener.
[2024-03-12 19:47:08] [INFO] Added Signal Repeater Server DISCONNECTED listener.
[2024-03-12 19:47:08] [INFO] Added Signal Repeater Server 24HOURLYSTATS listener.
[2024-03-12 19:47:24] [INFO] Recieved  updateSignal
[2024-03-12 19:48:18] [INFO] Added Signal Repeater Server UPDATESIGNAL listener.
[2024-03-12 19:48:18] [INFO] Added Signal Repeater Server NEWSIGNAL listener.
[2024-03-12 19:48:18] [INFO] Added Signal Repeater Server DISCONNECTED listener.
[2024-03-12 19:48:18] [INFO] Added Signal Repeater Server 24HOURLYSTATS listener.
[2024-03-12 20:02:06] [INFO] Added Signal Repeater Server UPDATESIGNAL listener.
[2024-03-12 20:02:06] [INFO] Added Signal Repeater Server NEWSIGNAL listener.
[2024-03-12 20:02:06] [INFO] Added Signal Repeater Server DISCONNECTED listener.
[2024-03-12 20:02:06] [INFO] Added Signal Repeater Server 24HOURLYSTATS listener.
[2024-03-12 20:03:40] [INFO] Added Signal Repeater Server UPDATESIGNAL listener.
[2024-03-12 20:03:40] [INFO] Added Signal Repeater Server NEWSIGNAL listener.
[2024-03-12 20:03:40] [INFO] Added Signal Repeater Server DISCONNECTED listener.
[2024-03-12 20:03:40] [INFO] Added Signal Repeater Server 24HOURLYSTATS listener.
[2024-03-12 20:07:25] [INFO] Added Signal Repeater Server UPDATESIGNAL listener.
[2024-03-12 20:07:25] [INFO] Added Signal Repeater Server NEWSIGNAL listener.
[2024-03-12 20:07:25] [INFO] Added Signal Repeater Server DISCONNECTED listener.
[2024-03-12 20:07:25] [INFO] Added Signal Repeater Server 24HOURLYSTATS listener.
[2024-03-12 20:12:11] [INFO] Recieved 
[2024-03-12 20:12:42] [INFO] Recieved 
[2024-03-12 20:13:22] [INFO] Recieved 
[2024-03-12 20:14:39] [INFO] Recieved 
[2024-03-12 20:16:45] [INFO] Recieved 
[2024-03-12 20:16:53] [INFO] Recieved 
[2024-03-12 20:18:49] [INFO] Recieved 
[2024-03-12 20:19:11] [INFO] Recieved 
[2024-03-12 20:19:44] [INFO] Recieved  updateSignal
[2024-03-12 20:22:08] [INFO] Added Signal Repeater Server UPDATESIGNAL listener.
[2024-03-12 20:22:08] [INFO] Added Signal Repeater Server NEWSIGNAL listener.
[2024-03-12 20:22:08] [INFO] Added Signal Repeater Server DISCONNECTED listener.
[2024-03-12 20:22:08] [INFO] Added Signal Repeater Server 24HOURLYSTATS listener.
[2024-03-12 20:22:24] [INFO] Recieved 
[2024-03-12 20:23:32] [INFO] Added Signal Repeater Server UPDATESIGNAL listener.
[2024-03-12 20:23:32] [INFO] Added Signal Repeater Server NEWSIGNAL listener.
[2024-03-12 20:23:32] [INFO] Added Signal Repeater Server DISCONNECTED listener.
[2024-03-12 20:23:32] [INFO] Added Signal Repeater Server 24HOURLYSTATS listener.
[2024-03-12 20:24:15] [INFO] Recieved 
[2024-03-12 20:24:15] [INFO] Recieved  updateSignal
[2024-03-12 20:24:48] [INFO] Recieved 
[2024-03-12 20:25:59] [INFO] Recieved 
[2024-03-12 20:26:37] [INFO] Added Signal Repeater Server UPDATESIGNAL listener.
[2024-03-12 20:26:37] [INFO] Added Signal Repeater Server 24HOURLYSTATS listener.
[2024-03-12 20:26:37] [INFO] Added Signal Repeater Server DISCONNECTED listener.
[2024-03-12 20:26:37] [INFO] Added Signal Repeater Server NEWSIGNAL listener.
[2024-03-12 20:27:53] [INFO] Recieved 
[2024-03-12 20:27:57] [INFO] Recieved 
[2024-03-12 20:29:30] [INFO] Added Signal Repeater Server NEWSIGNAL listener.
[2024-03-12 20:29:30] [INFO] Added Signal Repeater Server UPDATESIGNAL listener.
[2024-03-12 20:29:30] [INFO] Added Signal Repeater Server DISCONNECTED listener.
[2024-03-12 20:29:30] [INFO] Added Signal Repeater Server 24HOURLYSTATS listener.
[2024-03-12 20:30:39] [INFO] Recieved 
[2024-03-12 20:30:42] [INFO] Recieved 
[2024-03-12 20:31:01] [INFO] Recieved 
[2024-03-12 20:31:01] [INFO] Recieved 
[2024-03-12 20:31:43] [INFO] Recieved 
[2024-03-12 20:32:12] [INFO] Recieved 
[2024-03-12 20:32:15] [INFO] Recieved 
[2024-03-12 20:33:52] [INFO] Recieved 
[2024-03-12 20:46:43] [INFO] Added Signal Repeater Server UPDATESIGNAL listener.
[2024-03-12 20:46:43] [INFO] Added Signal Repeater Server NEWSIGNAL listener.
[2024-03-12 20:46:43] [INFO] Added Signal Repeater Server DISCONNECTED listener.
[2024-03-12 20:46:43] [INFO] Added Signal Repeater Server 24HOURLYSTATS listener.
[2024-03-12 20:47:17] [INFO] Recieved 
[2024-03-12 20:47:30] [INFO] Recieved 
[2024-03-12 20:47:47] [INFO] Recieved 
[2024-03-12 20:47:48] [INFO] Recieved 
[2024-03-12 20:47:52] [INFO] Recieved 
[2024-03-12 20:48:45] [INFO] Recieved 
[2024-03-12 20:48:49] [INFO] Recieved 
[2024-03-12 20:49:56] [INFO] Recieved 
[2024-03-12 20:50:10] [INFO] Recieved 
[2024-03-12 20:50:12] [INFO] Recieved 
[2024-03-12 20:51:08] [INFO] Added Signal Repeater Server NEWSIGNAL listener.
[2024-03-12 20:51:08] [INFO] Added Signal Repeater Server DISCONNECTED listener.
[2024-03-12 20:51:08] [INFO] Added Signal Repeater Server UPDATESIGNAL listener.
[2024-03-12 20:51:08] [INFO] Added Signal Repeater Server 24HOURLYSTATS listener.
[2024-03-12 20:51:24] [INFO] Recieved 
[2024-03-12 20:51:27] [INFO] Recieved 
[2024-03-12 20:51:50] [INFO] Recieved 
[2024-03-12 20:51:55] [INFO] Recieved 
[2024-03-12 20:53:01] [INFO] Recieved 
[2024-03-12 20:53:09] [INFO] Recieved 
[2024-03-12 20:53:44] [INFO] Added Signal Repeater Server UPDATESIGNAL listener.
[2024-03-12 20:53:44] [INFO] Added Signal Repeater Server NEWSIGNAL listener.
[2024-03-12 20:53:44] [INFO] Added Signal Repeater Server DISCONNECTED listener.
[2024-03-12 20:53:44] [INFO] Added Signal Repeater Server 24HOURLYSTATS listener.
[2024-03-12 20:54:11] [INFO] Recieved 
[2024-03-12 20:54:17] [INFO] Recieved 
[2024-03-12 20:55:34] [INFO] Recieved  updateSignal
[2024-03-12 20:55:39] [INFO] Recieved 
[2024-03-12 20:55:43] [INFO] Recieved 
[2024-03-12 20:56:32] [INFO] Recieved 
[2024-03-12 20:56:35] [INFO] Recieved 
[2024-03-12 20:59:26] [INFO] Recieved 
[2024-03-12 20:59:33] [INFO] Recieved 
[2024-03-12 20:59:39] [INFO] Recieved 
[2024-03-12 21:00:46] [INFO] Recieved 
[2024-03-12 21:00:48] [INFO] Recieved 
[2024-03-12 21:01:23] [INFO] Recieved 
[2024-03-12 21:01:24] [INFO] Recieved 
[2024-03-12 21:01:34] [INFO] Recieved 
[2024-03-12 21:01:35] [INFO] Recieved 
[2024-03-12 21:01:35] [INFO] Recieved 
[2024-03-12 21:01:44] [INFO] Recieved 
[2024-03-12 21:06:02] [INFO] Recieved 
[2024-03-12 21:06:02] [INFO] Recieved 
[2024-03-12 21:06:27] [INFO] Recieved 
[2024-03-12 21:07:07] [INFO] Recieved 
[2024-03-12 21:07:10] [INFO] Recieved 
[2024-03-12 21:08:03] [INFO] Recieved 
[2024-03-12 21:08:07] [INFO] Recieved 
[2024-03-12 21:09:21] [INFO] Recieved 
[2024-03-12 21:09:25] [INFO] Recieved 
[2024-03-12 21:12:53] [INFO] Recieved 
[2024-03-12 21:13:03] [INFO] Recieved 
[2024-03-12 21:13:56] [INFO] Recieved 
[2024-03-12 21:13:56] [INFO] Recieved 
[2024-03-12 21:14:29] [INFO] Recieved 
[2024-03-12 21:14:29] [INFO] Recieved 
[2024-03-12 21:15:07] [INFO] Recieved 
[2024-03-12 21:15:07] [INFO] Recieved 
[2024-03-12 21:20:03] [INFO] Added Signal Repeater Server UPDATESIGNAL listener.
[2024-03-12 21:20:03] [INFO] Added Signal Repeater Server NEWSIGNAL listener.
[2024-03-12 21:20:03] [INFO] Added Signal Repeater Server DISCONNECTED listener.
[2024-03-12 21:20:03] [INFO] Added Signal Repeater Server 24HOURLYSTATS listener.
[2024-03-12 21:23:45] [INFO] Recieved  updateSignal
[2024-03-12 21:26:21] [INFO] Recieved 
[2024-03-12 21:26:22] [INFO] Recieved 
[2024-03-12 21:26:48] [INFO] Recieved 
[2024-03-12 21:26:49] [INFO] Recieved 
[2024-03-12 21:29:06] [INFO] Recieved 
[2024-03-12 21:30:36] [INFO] Recieved 
[2024-03-12 21:31:33] [INFO] Recieved 
[2024-03-12 21:31:33] [INFO] Recieved 
[2024-03-12 21:31:43] [INFO] Recieved 
[2024-03-12 21:32:51] [INFO] Recieved 
[2024-03-12 21:32:51] [INFO] Recieved 
[2024-03-12 21:33:31] [INFO] Recieved 
[2024-03-12 21:33:33] [INFO] Recieved 
[2024-03-12 21:34:15] [INFO] Recieved 
[2024-03-12 21:34:29] [INFO] Recieved 
[2024-03-12 21:35:01] [INFO] Recieved 
[2024-03-12 21:37:39] [INFO] Recieved 
[2024-03-12 21:39:24] [INFO] Recieved 
[2024-03-12 21:40:06] [INFO] Recieved 
[2024-03-12 21:40:55] [INFO] Recieved 
[2024-03-12 21:42:49] [INFO] Recieved 
[2024-03-12 21:43:41] [INFO] Recieved 
[2024-03-12 21:43:55] [INFO] Recieved 
[2024-03-12 21:45:13] [INFO] Recieved 
[2024-03-12 21:50:10] [INFO] Recieved 
[2024-03-12 21:58:11] [INFO] Recieved 
[2024-03-12 21:58:58] [INFO] Recieved 
[2024-03-12 21:59:11] [INFO] Recieved 
[2024-03-12 21:59:57] [INFO] Recieved 
[2024-03-12 22:00:44] [INFO] Recieved 
[2024-03-12 22:01:11] [INFO] Recieved 
[2024-03-12 22:02:16] [INFO] Recieved 
[2024-03-12 22:02:17] [INFO] Recieved 
[2024-03-12 22:02:21] [INFO] Recieved 
[2024-03-12 22:02:45] [INFO] Recieved 
[2024-03-12 22:03:24] [INFO] Recieved 
[2024-03-12 22:03:55] [INFO] Recieved 
[2024-03-12 22:04:55] [INFO] Recieved 
[2024-03-12 22:07:17] [INFO] Recieved 
[2024-03-12 22:07:17] [INFO] Recieved 
[2024-03-12 22:10:33] [INFO] Recieved 
[2024-03-12 22:11:30] [INFO] Recieved 
[2024-03-12 22:11:30] [INFO] Recieved 
[2024-03-12 22:15:49] [INFO] Recieved 
[2024-03-12 22:16:38] [INFO] Recieved 
[2024-03-12 22:17:30] [INFO] Recieved 
[2024-03-12 22:17:31] [INFO] Recieved 
[2024-03-12 22:18:48] [INFO] Recieved 
[2024-03-12 22:20:09] [INFO] Recieved 
[2024-03-12 22:21:14] [INFO] Recieved 
[2024-03-12 22:21:32] [INFO] Recieved 
[2024-03-12 22:22:25] [INFO] Recieved 
[2024-03-12 22:23:59] [INFO] Recieved 
[2024-03-12 22:24:17] [INFO] Recieved 
[2024-03-12 23:54:18] [INFO] Added Signal Repeater Server UPDATESIGNAL listener.
[2024-03-12 23:54:18] [INFO] Added Signal Repeater Server DISCONNECTED listener.
[2024-03-12 23:54:18] [INFO] Added Signal Repeater Server 24HOURLYSTATS listener.
[2024-03-12 23:54:18] [INFO] Added Signal Repeater Server NEWSIGNAL listener.
[2024-03-12 23:54:56] [INFO] Recieved 
[2024-03-12 23:55:43] [INFO] Recieved 
[2024-03-12 23:56:14] [INFO] Added Signal Repeater Server UPDATESIGNAL listener.
[2024-03-12 23:56:14] [INFO] Added Signal Repeater Server NEWSIGNAL listener.
[2024-03-12 23:56:14] [INFO] Added Signal Repeater Server DISCONNECTED listener.
[2024-03-12 23:56:14] [INFO] Added Signal Repeater Server 24HOURLYSTATS listener.
[2024-03-12 23:56:44] [INFO] Recieved 
[2024-03-12 23:58:49] [INFO] Recieved 
[2024-03-12 23:59:14] [INFO] Added Signal Repeater Server UPDATESIGNAL listener.
[2024-03-12 23:59:14] [INFO] Added Signal Repeater Server DISCONNECTED listener.
[2024-03-12 23:59:14] [INFO] Added Signal Repeater Server 24HOURLYSTATS listener.
[2024-03-12 23:59:14] [INFO] Added Signal Repeater Server NEWSIGNAL listener.
[2024-03-12 23:59:54] [INFO] Recieved 
[2024-03-12 23:59:56] [INFO] Recieved 
[2024-03-13 00:01:27] [INFO] Added Signal Repeater Server UPDATESIGNAL listener.
[2024-03-13 00:01:27] [INFO] Added Signal Repeater Server NEWSIGNAL listener.
[2024-03-13 00:01:27] [INFO] Added Signal Repeater Server DISCONNECTED listener.
[2024-03-13 00:01:27] [INFO] Added Signal Repeater Server 24HOURLYSTATS listener.
[2024-03-13 00:01:53] [INFO] Recieved 
[2024-03-13 00:02:03] [INFO] Recieved 
[2024-03-13 00:02:04] [INFO] Recieved 
[2024-03-13 00:02:29] [INFO] Added Signal Repeater Server UPDATESIGNAL listener.
[2024-03-13 00:02:29] [INFO] Added Signal Repeater Server 24HOURLYSTATS listener.
[2024-03-13 00:02:29] [INFO] Added Signal Repeater Server NEWSIGNAL listener.
[2024-03-13 00:02:29] [INFO] Added Signal Repeater Server DISCONNECTED listener.
[2024-03-13 00:02:49] [INFO] Recieved 
[2024-03-13 00:04:23] [INFO] Added Signal Repeater Server UPDATESIGNAL listener.
[2024-03-13 00:04:23] [INFO] Added Signal Repeater Server NEWSIGNAL listener.
[2024-03-13 00:04:23] [INFO] Added Signal Repeater Server DISCONNECTED listener.
[2024-03-13 00:04:23] [INFO] Added Signal Repeater Server 24HOURLYSTATS listener.
[2024-03-13 00:06:16] [INFO] Recieved 
[2024-03-13 00:06:19] [INFO] Recieved 
[2024-03-13 00:06:26] [INFO] Recieved 
[2024-03-13 00:06:49] [INFO] Recieved 
